#
# There is insufficient memory for the Java Runtime Environment to continue.
# Native memory allocation (malloc) failed to allocate 761536 bytes for Chunk::new
# Possible reasons:
#   The system is out of physical RAM or swap space
#   The process is running with CompressedOops enabled, and the Java Heap may be blocking the growth of the native heap
# Possible solutions:
#   Reduce memory load on the system
#   Increase physical memory or swap space
#   Check if swap backing store is full
#   Decrease Java heap size (-Xmx/-Xms)
#   Decrease number of Java threads
#   Decrease Java thread stack sizes (-Xss)
#   Set larger code cache with -XX:ReservedCodeCacheSize=
#   JVM is running with Zero Based Compressed Oops mode in which the Java heap is
#     placed in the first 32GB address space. The Java Heap base address is the
#     maximum limit for the native heap growth. Please use -XX:HeapBaseMinAddress
#     to set the Java Heap base and to place the Java Heap above 32GB virtual address.
# This output file may be truncated or incomplete.
#
#  Out of Memory Error (allocation.cpp:389), pid=11104, tid=0x0000000000004718
#
# JRE version: Java(TM) SE Runtime Environment (8.0_212-b10) (build 1.8.0_212-b10)
# Java VM: Java HotSpot(TM) 64-Bit Server VM (25.212-b10 mixed mode windows-amd64 compressed oops)
# Failed to write core dump. Minidumps are not enabled by default on client versions of Windows
#

---------------  T H R E A D  ---------------

Current thread (0x000000001dd97800):  JavaThread "C2 CompilerThread6" daemon [_thread_in_native, id=18200, stack(0x00000000203c0000,0x00000000204c0000)]

Stack: [0x00000000203c0000,0x00000000204c0000]
[error occurred during error reporting (printing stack bounds), id 0xc0000005]

Native frames: (J=compiled Java code, j=interpreted, Vv=VM code, C=native code)


Current CompileTask:
C2:   3934 3233   !   4       com.sun.beans.TypeResolver::resolve (274 bytes)


---------------  P R O C E S S  ---------------

Java Threads: ( => current thread )
  0x000000001ddd3000 JavaThread "Keep-Alive-Timer" daemon [_thread_blocked, id=10792, stack(0x0000000026580000,0x0000000026680000)]
  0x000000001ddd7800 JavaThread "File lock request listener" [_thread_in_native, id=18180, stack(0x0000000026840000,0x0000000026940000)]
  0x000000001de6f000 JavaThread "Service Thread" daemon [_thread_blocked, id=6724, stack(0x00000000209c0000,0x0000000020ac0000)]
  0x000000001ddd8000 JavaThread "C1 CompilerThread11" daemon [_thread_blocked, id=14524, stack(0x00000000208c0000,0x00000000209c0000)]
  0x000000001ddd3800 JavaThread "C1 CompilerThread10" daemon [_thread_in_native, id=17804, stack(0x00000000207c0000,0x00000000208c0000)]
  0x000000001ddd6000 JavaThread "C1 CompilerThread9" daemon [_thread_blocked, id=17072, stack(0x00000000206c0000,0x00000000207c0000)]
  0x000000001ddd4800 JavaThread "C1 CompilerThread8" daemon [_thread_blocked, id=9060, stack(0x00000000205c0000,0x00000000206c0000)]
  0x000000001ddd1800 JavaThread "C2 CompilerThread7" daemon [_thread_in_native, id=8272, stack(0x00000000204c0000,0x00000000205c0000)]
=>0x000000001dd97800 JavaThread "C2 CompilerThread6" daemon [_thread_in_native, id=18200, stack(0x00000000203c0000,0x00000000204c0000)]
  0x000000001dd8e800 JavaThread "C2 CompilerThread5" daemon [_thread_in_native, id=14588, stack(0x00000000202c0000,0x00000000203c0000)]
  0x000000001dd83000 JavaThread "C2 CompilerThread4" daemon [_thread_in_native, id=13284, stack(0x00000000201c0000,0x00000000202c0000)]
  0x000000001dd73800 JavaThread "C2 CompilerThread3" daemon [_thread_in_native, id=17380, stack(0x00000000200c0000,0x00000000201c0000)]
  0x000000001dd71000 JavaThread "C2 CompilerThread2" daemon [_thread_in_native, id=11452, stack(0x000000001ffc0000,0x00000000200c0000)]
  0x000000001dd70000 JavaThread "C2 CompilerThread1" daemon [_thread_in_native, id=9388, stack(0x000000001fec0000,0x000000001ffc0000)]
  0x000000001dd6d800 JavaThread "C2 CompilerThread0" daemon [_thread_in_native, id=17912, stack(0x000000001fdc0000,0x000000001fec0000)]
  0x000000001dd6b000 JavaThread "Attach Listener" daemon [_thread_blocked, id=6916, stack(0x000000001fcc0000,0x000000001fdc0000)]
  0x000000001dd6a000 JavaThread "Signal Dispatcher" daemon [_thread_blocked, id=12784, stack(0x000000001fbc0000,0x000000001fcc0000)]
  0x000000001dd58800 JavaThread "Finalizer" daemon [_thread_blocked, id=15852, stack(0x000000001f9c0000,0x000000001fac0000)]
  0x000000001c073000 JavaThread "Reference Handler" daemon [_thread_blocked, id=15732, stack(0x000000001f8c0000,0x000000001f9c0000)]
  0x0000000000bbd800 JavaThread "main" [_thread_in_native, id=14528, stack(0x0000000002fa0000,0x00000000030a0000)]

Other Threads:
  0x000000001dd36800 VMThread [stack: 0x000000001f7c0000,0x000000001f8c0000] [id=16248]
  0x000000001de77000 WatcherThread [stack: 0x0000000020ac0000,0x0000000020bc0000] [id=6948]

VM state:not at safepoint (normal execution)

VM Mutex/Monitor currently owned by a thread: None

heap address: 0x00000006e1200000, size: 3566 MB, Compressed Oops mode: Zero based, Oop shift amount: 3
Narrow klass base: 0x0000000000000000, Narrow klass shift: 3
Compressed class space size: 1073741824 Address: 0x00000007c0000000

Heap:
 PSYoungGen      total 67072K, used 40293K [0x0000000775b80000, 0x000000077c580000, 0x00000007c0000000)
  eden space 57856K, 56% used [0x0000000775b80000,0x0000000777b67cb8,0x0000000779400000)
  from space 9216K, 82% used [0x0000000779400000,0x0000000779b71830,0x0000000779d00000)
  to   space 12288K, 0% used [0x000000077b980000,0x000000077b980000,0x000000077c580000)
 ParOldGen       total 95232K, used 8280K [0x00000006e1200000, 0x00000006e6f00000, 0x0000000775b80000)
  object space 95232K, 8% used [0x00000006e1200000,0x00000006e1a16170,0x00000006e6f00000)
 Metaspace       used 30796K, capacity 31400K, committed 31744K, reserved 1077248K
  class space    used 4312K, capacity 4511K, committed 4608K, reserved 1048576K

Card table byte_map: [0x0000000012560000,0x0000000012c60000] byte_map_base: 0x000000000ee57000

Marking Bits: (ParMarkBitMap*) 0x0000000055255ce0
 Begin Bits: [0x0000000014010000, 0x00000000177c8000)
 End Bits:   [0x00000000177c8000, 0x000000001af80000)

Polling page: 0x0000000000b90000

CodeCache: size=245760Kb used=14528Kb max_used=14528Kb free=231231Kb
 bounds [0x00000000031a0000, 0x0000000003fe0000, 0x00000000121a0000]
 total_blobs=3917 nmethods=3264 adapters=561
 compilation: enabled

Compilation events (10 events):
Event: 3.929 Thread 0x000000001ddd8000 nmethod 3265 0x0000000003f98b50 code [0x0000000003f98ca0, 0x0000000003f98ed0]
Event: 3.930 Thread 0x000000001ddd4800 nmethod 3264 0x0000000003fbde50 code [0x0000000003fbdfc0, 0x0000000003fbe350]
Event: 3.930 Thread 0x000000001ddd6000 nmethod 3261 0x0000000003fbe490 code [0x0000000003fbe9c0, 0x0000000003fc2608]
Event: 3.930 Thread 0x000000001ddd8000 3266   !   3       org.codehaus.groovy.reflection.ClassInfo::getMetaClass (33 bytes)
Event: 3.930 Thread 0x000000001ddd4800 3267       3       org.codehaus.groovy.reflection.ClassInfo::getMetaClassForClass (28 bytes)
Event: 3.930 Thread 0x000000001ddd6000 3268       3       org.codehaus.groovy.reflection.ClassInfo::isValidWeakMetaClass (14 bytes)
Event: 3.931 Thread 0x000000001ddd6000 nmethod 3268 0x0000000003fbd650 code [0x0000000003fbd7e0, 0x0000000003fbdcf0]
Event: 3.931 Thread 0x000000001ddd4800 nmethod 3267 0x0000000003fbcb10 code [0x0000000003fbccc0, 0x0000000003fbd378]
Event: 3.931 Thread 0x000000001ddd8000 nmethod 3266 0x0000000003fbac10 code [0x0000000003fbaea0, 0x0000000003fbc248]
Event: 3.932 Thread 0x000000001dd6d800 nmethod 3263 0x0000000003fba690 code [0x0000000003fba7e0, 0x0000000003fbaa38]

GC Heap History (10 events):
Event: 1.729 GC heap before
{Heap before GC invocations=2 (full 0):
 PSYoungGen      total 67072K, used 66495K [0x0000000775b80000, 0x000000077a600000, 0x00000007c0000000)
  eden space 57856K, 100% used [0x0000000775b80000,0x0000000779400000,0x0000000779400000)
  from space 9216K, 93% used [0x0000000779400000,0x0000000779c6fce0,0x0000000779d00000)
  to   space 9216K, 0% used [0x0000000779d00000,0x0000000779d00000,0x000000077a600000)
 ParOldGen       total 153088K, used 16K [0x00000006e1200000, 0x00000006ea780000, 0x0000000775b80000)
  object space 153088K, 0% used [0x00000006e1200000,0x00000006e1204000,0x00000006ea780000)
 Metaspace       used 19728K, capacity 19960K, committed 20096K, reserved 1067008K
  class space    used 2719K, capacity 2832K, committed 2944K, reserved 1048576K
Event: 1.736 GC heap after
Heap after GC invocations=2 (full 0):
 PSYoungGen      total 67072K, used 9201K [0x0000000775b80000, 0x000000077a600000, 0x00000007c0000000)
  eden space 57856K, 0% used [0x0000000775b80000,0x0000000775b80000,0x0000000779400000)
  from space 9216K, 99% used [0x0000000779d00000,0x000000077a5fc770,0x000000077a600000)
  to   space 9216K, 0% used [0x0000000779400000,0x0000000779400000,0x0000000779d00000)
 ParOldGen       total 153088K, used 2194K [0x00000006e1200000, 0x00000006ea780000, 0x0000000775b80000)
  object space 153088K, 1% used [0x00000006e1200000,0x00000006e1424990,0x00000006ea780000)
 Metaspace       used 19728K, capacity 19960K, committed 20096K, reserved 1067008K
  class space    used 2719K, capacity 2832K, committed 2944K, reserved 1048576K
}
Event: 1.936 GC heap before
{Heap before GC invocations=3 (full 0):
 PSYoungGen      total 67072K, used 32662K [0x0000000775b80000, 0x000000077a600000, 0x00000007c0000000)
  eden space 57856K, 40% used [0x0000000775b80000,0x0000000777269208,0x0000000779400000)
  from space 9216K, 99% used [0x0000000779d00000,0x000000077a5fc770,0x000000077a600000)
  to   space 9216K, 0% used [0x0000000779400000,0x0000000779400000,0x0000000779d00000)
 ParOldGen       total 153088K, used 2194K [0x00000006e1200000, 0x00000006ea780000, 0x0000000775b80000)
  object space 153088K, 1% used [0x00000006e1200000,0x00000006e1424990,0x00000006ea780000)
 Metaspace       used 20882K, capacity 21140K, committed 21296K, reserved 1067008K
  class space    used 2869K, capacity 2967K, committed 3072K, reserved 1048576K
Event: 1.943 GC heap after
Heap after GC invocations=3 (full 0):
 PSYoungGen      total 67072K, used 8460K [0x0000000775b80000, 0x000000077a600000, 0x00000007c0000000)
  eden space 57856K, 0% used [0x0000000775b80000,0x0000000775b80000,0x0000000779400000)
  from space 9216K, 91% used [0x0000000779400000,0x0000000779c43148,0x0000000779d00000)
  to   space 9216K, 0% used [0x0000000779d00000,0x0000000779d00000,0x000000077a600000)
 ParOldGen       total 153088K, used 2202K [0x00000006e1200000, 0x00000006ea780000, 0x0000000775b80000)
  object space 153088K, 1% used [0x00000006e1200000,0x00000006e1426990,0x00000006ea780000)
 Metaspace       used 20882K, capacity 21140K, committed 21296K, reserved 1067008K
  class space    used 2869K, capacity 2967K, committed 3072K, reserved 1048576K
}
Event: 1.943 GC heap before
{Heap before GC invocations=4 (full 1):
 PSYoungGen      total 67072K, used 8460K [0x0000000775b80000, 0x000000077a600000, 0x00000007c0000000)
  eden space 57856K, 0% used [0x0000000775b80000,0x0000000775b80000,0x0000000779400000)
  from space 9216K, 91% used [0x0000000779400000,0x0000000779c43148,0x0000000779d00000)
  to   space 9216K, 0% used [0x0000000779d00000,0x0000000779d00000,0x000000077a600000)
 ParOldGen       total 153088K, used 2202K [0x00000006e1200000, 0x00000006ea780000, 0x0000000775b80000)
  object space 153088K, 1% used [0x00000006e1200000,0x00000006e1426990,0x00000006ea780000)
 Metaspace       used 20882K, capacity 21140K, committed 21296K, reserved 1067008K
  class space    used 2869K, capacity 2967K, committed 3072K, reserved 1048576K
Event: 1.969 GC heap after
Heap after GC invocations=4 (full 1):
 PSYoungGen      total 67072K, used 0K [0x0000000775b80000, 0x000000077a600000, 0x00000007c0000000)
  eden space 57856K, 0% used [0x0000000775b80000,0x0000000775b80000,0x0000000779400000)
  from space 9216K, 0% used [0x0000000779400000,0x0000000779400000,0x0000000779d00000)
  to   space 9216K, 0% used [0x0000000779d00000,0x0000000779d00000,0x000000077a600000)
 ParOldGen       total 95232K, used 8192K [0x00000006e1200000, 0x00000006e6f00000, 0x0000000775b80000)
  object space 95232K, 8% used [0x00000006e1200000,0x00000006e1a00160,0x00000006e6f00000)
 Metaspace       used 20882K, capacity 21140K, committed 21296K, reserved 1067008K
  class space    used 2869K, capacity 2967K, committed 3072K, reserved 1048576K
}
Event: 2.601 GC heap before
{Heap before GC invocations=5 (full 1):
 PSYoungGen      total 67072K, used 57856K [0x0000000775b80000, 0x000000077a600000, 0x00000007c0000000)
  eden space 57856K, 100% used [0x0000000775b80000,0x0000000779400000,0x0000000779400000)
  from space 9216K, 0% used [0x0000000779400000,0x0000000779400000,0x0000000779d00000)
  to   space 9216K, 0% used [0x0000000779d00000,0x0000000779d00000,0x000000077a600000)
 ParOldGen       total 95232K, used 8192K [0x00000006e1200000, 0x00000006e6f00000, 0x0000000775b80000)
  object space 95232K, 8% used [0x00000006e1200000,0x00000006e1a00160,0x00000006e6f00000)
 Metaspace       used 26208K, capacity 26630K, committed 26880K, reserved 1073152K
  class space    used 3573K, capacity 3754K, committed 3840K, reserved 1048576K
Event: 2.604 GC heap after
Heap after GC invocations=5 (full 1):
 PSYoungGen      total 67072K, used 5303K [0x0000000775b80000, 0x000000077c280000, 0x00000007c0000000)
  eden space 57856K, 0% used [0x0000000775b80000,0x0000000775b80000,0x0000000779400000)
  from space 9216K, 57% used [0x0000000779d00000,0x000000077a22df08,0x000000077a600000)
  to   space 9216K, 0% used [0x0000000779400000,0x0000000779400000,0x0000000779d00000)
 ParOldGen       total 95232K, used 8272K [0x00000006e1200000, 0x00000006e6f00000, 0x0000000775b80000)
  object space 95232K, 8% used [0x00000006e1200000,0x00000006e1a14170,0x00000006e6f00000)
 Metaspace       used 26208K, capacity 26630K, committed 26880K, reserved 1073152K
  class space    used 3573K, capacity 3754K, committed 3840K, reserved 1048576K
}
Event: 3.754 GC heap before
{Heap before GC invocations=6 (full 1):
 PSYoungGen      total 67072K, used 63159K [0x0000000775b80000, 0x000000077c280000, 0x00000007c0000000)
  eden space 57856K, 100% used [0x0000000775b80000,0x0000000779400000,0x0000000779400000)
  from space 9216K, 57% used [0x0000000779d00000,0x000000077a22df08,0x000000077a600000)
  to   space 9216K, 0% used [0x0000000779400000,0x0000000779400000,0x0000000779d00000)
 ParOldGen       total 95232K, used 8272K [0x00000006e1200000, 0x00000006e6f00000, 0x0000000775b80000)
  object space 95232K, 8% used [0x00000006e1200000,0x00000006e1a14170,0x00000006e6f00000)
 Metaspace       used 30028K, capacity 30586K, committed 30848K, reserved 1075200K
  class space    used 4205K, capacity 4385K, committed 4480K, reserved 1048576K
Event: 3.758 GC heap after
Heap after GC invocations=6 (full 1):
 PSYoungGen      total 67072K, used 7622K [0x0000000775b80000, 0x000000077c580000, 0x00000007c0000000)
  eden space 57856K, 0% used [0x0000000775b80000,0x0000000775b80000,0x0000000779400000)
  from space 9216K, 82% used [0x0000000779400000,0x0000000779b71830,0x0000000779d00000)
  to   space 12288K, 0% used [0x000000077b980000,0x000000077b980000,0x000000077c580000)
 ParOldGen       total 95232K, used 8280K [0x00000006e1200000, 0x00000006e6f00000, 0x0000000775b80000)
  object space 95232K, 8% used [0x00000006e1200000,0x00000006e1a16170,0x00000006e6f00000)
 Metaspace       used 30028K, capacity 30586K, committed 30848K, reserved 1075200K
  class space    used 4205K, capacity 4385K, committed 4480K, reserved 1048576K
}

Deoptimization events (10 events):
Event: 3.415 Thread 0x0000000000bbd800 Uncommon trap: reason=unstable_if action=reinterpret pc=0x0000000003720334 method=java.util.HashMap.hash(Ljava/lang/Object;)I @ 1
Event: 3.483 Thread 0x0000000000bbd800 Uncommon trap: reason=unstable_if action=reinterpret pc=0x0000000003de328c method=org.objectweb.asm.ByteVector.putShort(I)Lorg/objectweb/asm/ByteVector; @ 13
Event: 3.518 Thread 0x0000000000bbd800 Uncommon trap: reason=unstable_if action=reinterpret pc=0x00000000035f89b0 method=java.util.LinkedHashMap.afterNodeInsertion(Z)V @ 1
Event: 3.532 Thread 0x0000000000bbd800 Uncommon trap: reason=unstable_if action=reinterpret pc=0x0000000003c3b594 method=groovy.lang.MetaClassImpl$1MOPIter.methodNameAction(Ljava/lang/Class;Lorg/codehaus/groovy/runtime/metaclass/MetaMethodIndex$Entry;)V @ 95
Event: 3.536 Thread 0x0000000000bbd800 Uncommon trap: reason=unstable_if action=reinterpret pc=0x0000000003d2c3f0 method=java.util.WeakHashMap.expungeStaleEntries()V @ 66
Event: 3.655 Thread 0x0000000000bbd800 Uncommon trap: reason=unstable_if action=reinterpret pc=0x0000000003e498b4 method=org.objectweb.asm.Type.getArgumentsAndReturnSizes(Ljava/lang/String;)I @ 47
Event: 3.844 Thread 0x0000000000bbd800 Uncommon trap: reason=class_check action=maybe_recompile pc=0x0000000003a05734 method=org.codehaus.groovy.reflection.ParameterTypes.getParametersTypes0()V @ 16
Event: 3.846 Thread 0x0000000000bbd800 Uncommon trap: reason=class_check action=maybe_recompile pc=0x0000000003a05734 method=org.codehaus.groovy.reflection.ParameterTypes.getParametersTypes0()V @ 16
Event: 3.851 Thread 0x0000000000bbd800 Uncommon trap: reason=class_check action=maybe_recompile pc=0x0000000003a05734 method=org.codehaus.groovy.reflection.ParameterTypes.getParametersTypes0()V @ 16
Event: 3.851 Thread 0x0000000000bbd800 Uncommon trap: reason=class_check action=maybe_recompile pc=0x0000000003a05734 method=org.codehaus.groovy.reflection.ParameterTypes.getParametersTypes0()V @ 16

Classes redefined (0 events):
No events

Internal exceptions (10 events):
Event: 3.898 Thread 0x0000000000bbd800 Exception <a 'java/lang/ClassNotFoundException': org/gradle/api/tasks/DeleteCustomizer> (0x00000007774eaa90) thrown at [C:\re\workspace\8-2-build-windows-amd64-cygwin\jdk8u212\12974\hotspot\src\share\vm\classfile\systemDictionary.cpp, line 210]
Event: 3.899 Thread 0x0000000000bbd800 Exception <a 'java/lang/ClassNotFoundException': org/gradle/api/tasks/Delete_DecoratedCustomizer> (0x000000077751d9e8) thrown at [C:\re\workspace\8-2-build-windows-amd64-cygwin\jdk8u212\12974\hotspot\src\share\vm\classfile\systemDictionary.cpp, line 210]
Event: 3.907 Thread 0x0000000000bbd800 Exception <a 'java/lang/ClassNotFoundException': org/gradle/plugins/ide/eclipse/model/EclipseClasspath_DecoratedBeanInfo> (0x0000000777634808) thrown at [C:\re\workspace\8-2-build-windows-amd64-cygwin\jdk8u212\12974\hotspot\src\share\vm\classfile\systemDi
Event: 3.907 Thread 0x0000000000bbd800 Exception <a 'java/lang/ClassNotFoundException': org/gradle/plugins/ide/eclipse/model/EclipseClasspathBeanInfo> (0x0000000777669c08) thrown at [C:\re\workspace\8-2-build-windows-amd64-cygwin\jdk8u212\12974\hotspot\src\share\vm\classfile\systemDictionary.c
Event: 3.908 Thread 0x0000000000bbd800 Exception <a 'java/lang/ClassNotFoundException': org/gradle/plugins/ide/eclipse/model/EclipseClasspathCustomizer> (0x000000077769fbd8) thrown at [C:\re\workspace\8-2-build-windows-amd64-cygwin\jdk8u212\12974\hotspot\src\share\vm\classfile\systemDictionary
Event: 3.910 Thread 0x0000000000bbd800 Exception <a 'java/lang/ClassNotFoundException': org/gradle/plugins/ide/eclipse/model/EclipseClasspath_DecoratedCustomizer> (0x0000000777720a60) thrown at [C:\re\workspace\8-2-build-windows-amd64-cygwin\jdk8u212\12974\hotspot\src\share\vm\classfile\system
Event: 3.923 Thread 0x0000000000bbd800 Exception <a 'java/lang/ClassNotFoundException': org/gradle/plugins/ide/eclipse/GenerateEclipseClasspath_DecoratedBeanInfo> (0x00000007779031f8) thrown at [C:\re\workspace\8-2-build-windows-amd64-cygwin\jdk8u212\12974\hotspot\src\share\vm\classfile\system
Event: 3.924 Thread 0x0000000000bbd800 Exception <a 'java/lang/ClassNotFoundException': org/gradle/plugins/ide/eclipse/GenerateEclipseClasspathBeanInfo> (0x000000077793ab18) thrown at [C:\re\workspace\8-2-build-windows-amd64-cygwin\jdk8u212\12974\hotspot\src\share\vm\classfile\systemDictionary
Event: 3.924 Thread 0x0000000000bbd800 Exception <a 'java/lang/ClassNotFoundException': org/gradle/plugins/ide/eclipse/GenerateEclipseClasspathCustomizer> (0x00000007779730b0) thrown at [C:\re\workspace\8-2-build-windows-amd64-cygwin\jdk8u212\12974\hotspot\src\share\vm\classfile\systemDictiona
Event: 3.926 Thread 0x0000000000bbd800 Exception <a 'java/lang/ClassNotFoundException': org/gradle/plugins/ide/eclipse/GenerateEclipseClasspath_DecoratedCustomizer> (0x00000007779f43b0) thrown at [C:\re\workspace\8-2-build-windows-amd64-cygwin\jdk8u212\12974\hotspot\src\share\vm\classfile\syst

Events (10 events):
Event: 3.926 loading class org/gradle/plugins/ide/eclipse/GenerateEclipseClasspath_DecoratedCustomizer
Event: 3.926 loading class org/gradle/plugins/ide/eclipse/GenerateEclipseClasspath_DecoratedCustomizer done
Event: 3.926 loading class org/gradle/plugins/ide/eclipse/GenerateEclipseClasspath_DecoratedCustomizer
Event: 3.926 loading class org/gradle/plugins/ide/eclipse/GenerateEclipseClasspath_DecoratedCustomizer done
Event: 3.926 loading class org/gradle/plugins/ide/eclipse/GenerateEclipseClasspath_DecoratedCustomizer
Event: 3.926 loading class org/gradle/plugins/ide/eclipse/GenerateEclipseClasspath_DecoratedCustomizer done
Event: 3.926 loading class org/gradle/plugins/ide/eclipse/GenerateEclipseClasspath_DecoratedCustomizer
Event: 3.926 loading class org/gradle/plugins/ide/eclipse/GenerateEclipseClasspath_DecoratedCustomizer done
Event: 3.931 loading class groovy/runtime/metaclass/org/gradle/api/internal/project/DefaultProjectMetaClass
Event: 3.931 loading class groovy/runtime/metaclass/org/gradle/api/internal/project/DefaultProjectMetaClass done


Dynamic libraries:
0x00007ff64f560000 - 0x00007ff64f597000 	C:\Program Files (x86)\Common Files\Oracle\Java\javapath\java.exe
0x00007ffed2880000 - 0x00007ffed2a70000 	C:\Windows\SYSTEM32\ntdll.dll
0x00007ffed1e60000 - 0x00007ffed1f12000 	C:\Windows\System32\KERNEL32.DLL
0x00007ffed03a0000 - 0x00007ffed0643000 	C:\Windows\System32\KERNELBASE.dll
0x00007ffed1a60000 - 0x00007ffed1b03000 	C:\Windows\System32\ADVAPI32.dll
0x00007ffed0970000 - 0x00007ffed0a0e000 	C:\Windows\System32\msvcrt.dll
0x00007ffed2780000 - 0x00007ffed2817000 	C:\Windows\System32\sechost.dll
0x00007ffed1930000 - 0x00007ffed1a50000 	C:\Windows\System32\RPCRT4.dll
0x00007ffed21f0000 - 0x00007ffed2384000 	C:\Windows\System32\USER32.dll
0x00007ffed0290000 - 0x00007ffed02b1000 	C:\Windows\System32\win32u.dll
0x00007ffed0f30000 - 0x00007ffed0f56000 	C:\Windows\System32\GDI32.dll
0x00007ffecf850000 - 0x00007ffecf9e4000 	C:\Windows\System32\gdi32full.dll
0x00007ffed0680000 - 0x00007ffed071e000 	C:\Windows\System32\msvcp_win.dll
0x00007ffed0170000 - 0x00007ffed026a000 	C:\Windows\System32\ucrtbase.dll
0x00007ffebcd00000 - 0x00007ffebcf85000 	C:\Windows\WinSxS\amd64_microsoft.windows.common-controls_6595b64144ccf1df_6.0.18362.535_none_e6c3b34713100821\COMCTL32.dll
0x00007ffed1b20000 - 0x00007ffed1e56000 	C:\Windows\System32\combase.dll
0x00007ffed0320000 - 0x00007ffed03a0000 	C:\Windows\System32\bcryptPrimitives.dll
0x00007ffed2140000 - 0x00007ffed216e000 	C:\Windows\System32\IMM32.DLL
0x00000000552e0000 - 0x00000000553b2000 	C:\Program Files\Java\jre1.8.0_212\bin\msvcr100.dll
0x0000000054a30000 - 0x00000000552d5000 	C:\Program Files\Java\jre1.8.0_212\bin\server\jvm.dll
0x00007ffed0f60000 - 0x00007ffed0f68000 	C:\Windows\System32\PSAPI.DLL
0x00007ffecb4c0000 - 0x00007ffecb4ca000 	C:\Windows\SYSTEM32\VERSION.dll
0x00007ffec6f40000 - 0x00007ffec6f49000 	C:\Windows\SYSTEM32\WSOCK32.dll
0x00007ffecd810000 - 0x00007ffecd834000 	C:\Windows\SYSTEM32\WINMM.dll
0x00007ffed20d0000 - 0x00007ffed213f000 	C:\Windows\System32\WS2_32.dll
0x00007ffecd7e0000 - 0x00007ffecd80d000 	C:\Windows\SYSTEM32\winmmbase.dll
0x00007ffed07d0000 - 0x00007ffed081a000 	C:\Windows\System32\cfgmgr32.dll
0x00007ffeb5590000 - 0x00007ffeb559f000 	C:\Program Files\Java\jre1.8.0_212\bin\verify.dll
0x00007ffeb3ca0000 - 0x00007ffeb3cc9000 	C:\Program Files\Java\jre1.8.0_212\bin\java.dll
0x00007ffeb3c20000 - 0x00007ffeb3c36000 	C:\Program Files\Java\jre1.8.0_212\bin\zip.dll
0x00007ffed1240000 - 0x00007ffed1925000 	C:\Windows\System32\SHELL32.dll
0x00007ffed24d0000 - 0x00007ffed2579000 	C:\Windows\System32\shcore.dll
0x00007ffecf9f0000 - 0x00007ffed016f000 	C:\Windows\System32\windows.storage.dll
0x00007ffecf7f0000 - 0x00007ffecf80f000 	C:\Windows\System32\profapi.dll
0x00007ffecf7a0000 - 0x00007ffecf7ea000 	C:\Windows\System32\powrprof.dll
0x00007ffecf790000 - 0x00007ffecf7a0000 	C:\Windows\System32\UMPDC.dll
0x00007ffed2580000 - 0x00007ffed25d2000 	C:\Windows\System32\shlwapi.dll
0x00007ffecf810000 - 0x00007ffecf821000 	C:\Windows\System32\kernel.appcore.dll
0x00007ffed0270000 - 0x00007ffed0287000 	C:\Windows\System32\cryptsp.dll
0x00007ffeb2410000 - 0x00007ffeb242a000 	C:\Program Files\Java\jre1.8.0_212\bin\net.dll
0x00007ffec4a90000 - 0x00007ffec4c66000 	C:\Windows\SYSTEM32\urlmon.dll
0x00007ffec6c30000 - 0x00007ffec6ed6000 	C:\Windows\SYSTEM32\iertutil.dll
0x00007ffecf170000 - 0x00007ffecf17c000 	C:\Windows\SYSTEM32\CRYPTBASE.DLL
0x00007ffecefa0000 - 0x00007ffecf007000 	C:\Windows\system32\mswsock.dll
0x00007ffeb1780000 - 0x00007ffeb1792000 	C:\Program Files\Java\jre1.8.0_212\bin\nio.dll
0x00007ffecaf90000 - 0x00007ffecafa2000 	C:\Users\Gamania\.gradle\native\19\windows-amd64\native-platform.dll
0x0000000180000000 - 0x0000000180037000 	C:\Users\Gamania\.gradle\native\jna\win32-amd64\jnidispatch.dll
0x00007ffeceb10000 - 0x00007ffeceb43000 	C:\Windows\system32\rsaenh.dll
0x00007ffed0650000 - 0x00007ffed0676000 	C:\Windows\System32\bcrypt.dll
0x00007ffecf680000 - 0x00007ffecf6a5000 	C:\Windows\SYSTEM32\USERENV.dll
0x00007ffececb0000 - 0x00007ffececea000 	C:\Windows\SYSTEM32\IPHLPAPI.DLL
0x00007ffed1a50000 - 0x00007ffed1a58000 	C:\Windows\System32\NSI.dll
0x00007ffeca1f0000 - 0x00007ffeca206000 	C:\Windows\SYSTEM32\dhcpcsvc6.DLL
0x00007ffeca1d0000 - 0x00007ffeca1ec000 	C:\Windows\SYSTEM32\dhcpcsvc.DLL
0x00007ffececf0000 - 0x00007ffecedba000 	C:\Windows\SYSTEM32\DNSAPI.dll
0x00007ffeb5170000 - 0x00007ffeb517d000 	C:\Program Files\Java\jre1.8.0_212\bin\management.dll
0x00007ffec87a0000 - 0x00007ffec87aa000 	C:\Windows\System32\rasadhlp.dll
0x00007ffec9a40000 - 0x00007ffec9ab7000 	C:\Windows\System32\fwpuclnt.dll

VM Arguments:
jvm_args: -Dorg.gradle.appname=gradle 
java_command: org.gradle.launcher.GradleMain build
java_class_path (initial): C:\gradle-2.6\bin\..\lib\gradle-launcher-2.6.jar
Launcher Type: SUN_STANDARD

Environment Variables:
CLASSPATH=C:\gradle-2.6\bin\..\lib\gradle-launcher-2.6.jar
PATH=C:\Program Files (x86)\Common Files\Oracle\Java\javapath;C:\ProgramData\Oracle\Java\javapath;C:\Program Files (x86)\Common Files\Intel\Shared Libraries\redist\intel64_win\compiler;C:\Windows\system32;C:\Windows;C:\Windows\System32\Wbem;C:\Windows\System32\WindowsPowerShell\v1.0\;C:\Program Files (x86)\NVIDIA Corporation\PhysX\Common;C:\Program Files\NVIDIA Corporation\NVIDIA NvDLISR;C:\Program Files\dotnet\;C:\Program Files\nodejs\;C:\Program Files\Git\cmd;C:\gradle-2.6\bin;C:\Users\Gamania\AppData\Local\Microsoft\WindowsApps;C:\Users\Gamania\AppData\Roaming\npm;C:\Users\Gamania\AppData\Local\Programs\Microsoft VS Code\bin
USERNAME=Gamania
OS=Windows_NT
PROCESSOR_IDENTIFIER=Intel64 Family 6 Model 62 Stepping 4, GenuineIntel



---------------  S Y S T E M  ---------------

OS: Windows 10.0 , 64 bit Build 18362 (10.0.18362.329)

CPU:total 20 (initial active 20) (10 cores per cpu, 2 threads per core) family 6 model 62 stepping 4, cmov, cx8, fxsr, mmx, sse, sse2, sse3, ssse3, sse4.1, sse4.2, popcnt, avx, aes, clmul, erms, ht, tsc, tscinvbit

Memory: 4k page, physical 14605052k(5096196k free), swap 14605052k(4636k free)

vm_info: Java HotSpot(TM) 64-Bit Server VM (25.212-b10) for windows-amd64 JRE (1.8.0_212-b10), built on Apr  1 2019 22:50:23 by "java_re" with MS VC++ 10.0 (VS2010)

time: Sat Jan 25 18:22:22 2020
timezone: RTZ 2 (зима)
elapsed time: 3 seconds (0d 0h 0m 3s)

