#
# There is insufficient memory for the Java Runtime Environment to continue.
# Native memory allocation (malloc) failed to allocate 190896 bytes for Chunk::new
# Possible reasons:
#   The system is out of physical RAM or swap space
#   The process is running with CompressedOops enabled, and the Java Heap may be blocking the growth of the native heap
# Possible solutions:
#   Reduce memory load on the system
#   Increase physical memory or swap space
#   Check if swap backing store is full
#   Decrease Java heap size (-Xmx/-Xms)
#   Decrease number of Java threads
#   Decrease Java thread stack sizes (-Xss)
#   Set larger code cache with -XX:ReservedCodeCacheSize=
#   JVM is running with Zero Based Compressed Oops mode in which the Java heap is
#     placed in the first 32GB address space. The Java Heap base address is the
#     maximum limit for the native heap growth. Please use -XX:HeapBaseMinAddress
#     to set the Java Heap base and to place the Java Heap above 32GB virtual address.
# This output file may be truncated or incomplete.
#
#  Out of Memory Error (allocation.cpp:389), pid=13508, tid=0x0000000000003ee8
#
# JRE version: Java(TM) SE Runtime Environment (8.0_212-b10) (build 1.8.0_212-b10)
# Java VM: Java HotSpot(TM) 64-Bit Server VM (25.212-b10 mixed mode windows-amd64 compressed oops)
# Failed to write core dump. Minidumps are not enabled by default on client versions of Windows
#

---------------  T H R E A D  ---------------

Current thread (0x000000001d382000):  JavaThread "C2 CompilerThread2" daemon [_thread_in_native, id=16104, stack(0x000000001f5d0000,0x000000001f6d0000)]

Stack: [0x000000001f5d0000,0x000000001f6d0000]
[error occurred during error reporting (printing stack bounds), id 0xc0000005]

Native frames: (J=compiled Java code, j=interpreted, Vv=VM code, C=native code)


Current CompileTask:
C2:   8008 4885   !   4       java.net.URL::<init> (543 bytes)


---------------  P R O C E S S  ---------------

Java Threads: ( => current thread )
  0x0000000024c52000 JavaThread "Keep-Alive-Timer" daemon [_thread_blocked, id=15704, stack(0x0000000025b90000,0x0000000025c90000)]
  0x0000000026ce4800 JavaThread "File lock request listener" [_thread_in_native, id=15692, stack(0x00000000285d0000,0x00000000286d0000)]
  0x000000001d469000 JavaThread "Service Thread" daemon [_thread_blocked, id=11832, stack(0x000000001ffd0000,0x00000000200d0000)]
  0x000000001d3a3000 JavaThread "C1 CompilerThread11" daemon [_thread_blocked, id=11576, stack(0x000000001fed0000,0x000000001ffd0000)]
  0x000000001d3a1800 JavaThread "C1 CompilerThread10" daemon [_thread_blocked, id=16136, stack(0x000000001fdd0000,0x000000001fed0000)]
  0x000000001d3a0000 JavaThread "C1 CompilerThread9" daemon [_thread_blocked, id=16132, stack(0x000000001fcd0000,0x000000001fdd0000)]
  0x000000001d3a2800 JavaThread "C1 CompilerThread8" daemon [_thread_blocked, id=16128, stack(0x000000001fbd0000,0x000000001fcd0000)]
  0x000000001d3a4800 JavaThread "C2 CompilerThread7" daemon [_thread_in_native, id=16124, stack(0x000000001fad0000,0x000000001fbd0000)]
  0x000000001d3a1000 JavaThread "C2 CompilerThread6" daemon [_thread_in_native, id=16120, stack(0x000000001f9d0000,0x000000001fad0000)]
  0x000000001d3a4000 JavaThread "C2 CompilerThread5" daemon [_thread_in_native, id=16116, stack(0x000000001f8d0000,0x000000001f9d0000)]
  0x000000001d3a7000 JavaThread "C2 CompilerThread4" daemon [_thread_in_native, id=16112, stack(0x000000001f7d0000,0x000000001f8d0000)]
  0x000000001d38f800 JavaThread "C2 CompilerThread3" daemon [_thread_in_native, id=16108, stack(0x000000001f6d0000,0x000000001f7d0000)]
=>0x000000001d382000 JavaThread "C2 CompilerThread2" daemon [_thread_in_native, id=16104, stack(0x000000001f5d0000,0x000000001f6d0000)]
  0x000000001d381000 JavaThread "C2 CompilerThread1" daemon [_thread_in_native, id=13488, stack(0x000000001f4d0000,0x000000001f5d0000)]
  0x000000001d37e800 JavaThread "C2 CompilerThread0" daemon [_thread_in_native, id=14884, stack(0x000000001f3d0000,0x000000001f4d0000)]
  0x000000001d37c000 JavaThread "Attach Listener" daemon [_thread_blocked, id=16100, stack(0x000000001f2d0000,0x000000001f3d0000)]
  0x000000001d37b000 JavaThread "Signal Dispatcher" daemon [_thread_blocked, id=16092, stack(0x000000001f1d0000,0x000000001f2d0000)]
  0x000000001d368000 JavaThread "Finalizer" daemon [_thread_blocked, id=16088, stack(0x000000001efd0000,0x000000001f0d0000)]
  0x000000001b673800 JavaThread "Reference Handler" daemon [_thread_blocked, id=16096, stack(0x000000001eed0000,0x000000001efd0000)]
  0x00000000024cd800 JavaThread "main" [_thread_blocked, id=13972, stack(0x00000000025a0000,0x00000000026a0000)]

Other Threads:
  0x000000001d346000 VMThread [stack: 0x000000001edd0000,0x000000001eed0000] [id=16084]
  0x000000001d479000 WatcherThread [stack: 0x00000000200d0000,0x00000000201d0000] [id=14936]

VM state:at safepoint (normal execution)

VM Mutex/Monitor currently owned by a thread:  ([mutex/lock_event])
[0x00000000024cc630] Threads_lock - owner thread: 0x000000001d346000
[0x00000000024cc930] Heap_lock - owner thread: 0x00000000024cd800

heap address: 0x00000006e1200000, size: 3566 MB, Compressed Oops mode: Zero based, Oop shift amount: 3
Narrow klass base: 0x0000000000000000, Narrow klass shift: 3
Compressed class space size: 1073741824 Address: 0x00000007c0000000

Heap:
 PSYoungGen      total 259072K, used 241536K [0x0000000775b80000, 0x0000000786f00000, 0x00000007c0000000)
  eden space 241152K, 100% used [0x0000000775b80000,0x0000000784700000,0x0000000784700000)
  from space 17920K, 2% used [0x0000000785d80000,0x0000000785de0000,0x0000000786f00000)
  to   space 20480K, 38% used [0x0000000784700000,0x0000000784ebeb58,0x0000000785b00000)
 ParOldGen       total 166400K, used 23805K [0x00000006e1200000, 0x00000006eb480000, 0x0000000775b80000)
  object space 166400K, 14% used [0x00000006e1200000,0x00000006e293f7b8,0x00000006eb480000)
 Metaspace       used 39931K, capacity 40814K, committed 40960K, reserved 1085440K
  class space    used 5540K, capacity 5869K, committed 5888K, reserved 1048576K

Card table byte_map: [0x0000000011b60000,0x0000000012260000] byte_map_base: 0x000000000e457000

Marking Bits: (ParMarkBitMap*) 0x0000000055255ce0
 Begin Bits: [0x0000000013610000, 0x0000000016dc8000)
 End Bits:   [0x0000000016dc8000, 0x000000001a580000)

Polling page: 0x00000000001b0000

CodeCache: size=245760Kb used=20008Kb max_used=20008Kb free=225751Kb
 bounds [0x00000000027a0000, 0x0000000003b40000, 0x00000000117a0000]
 total_blobs=5322 nmethods=4641 adapters=589
 compilation: enabled

Compilation events (10 events):
Event: 7.942 Thread 0x000000001d3a0000 5043       3       net.md_5.specialsource.transformer.MethodDescriptor::<init> (15 bytes)
Event: 7.942 Thread 0x000000001d3a3000 5044       3       net.md_5.specialsource.JarRemapper::mapClassName (163 bytes)
Event: 7.942 Thread 0x000000001d3a0000 nmethod 5043 0x0000000003b27c50 code [0x0000000003b27da0, 0x0000000003b27f90]
Event: 7.942 Thread 0x000000001d3a1800 nmethod 5042 0x0000000003b276d0 code [0x0000000003b27840, 0x0000000003b27b08]
Event: 7.942 Thread 0x000000001d3a0000 5045       3       net.md_5.specialsource.JarRemapper::mapTypeName (20 bytes)
Event: 7.942 Thread 0x000000001d3a0000 nmethod 5045 0x0000000003b2b750 code [0x0000000003b2b8c0, 0x0000000003b2ba88]
Event: 7.943 Thread 0x000000001d3a3000 nmethod 5044 0x0000000003b2bb50 code [0x0000000003b2bf20, 0x0000000003b2e408]
Event: 7.945 Thread 0x000000001d3a2800 nmethod 5040 0x0000000003b2f350 code [0x0000000003b2fa60, 0x0000000003b34cd8]
Event: 7.945 Thread 0x000000001d3a1800 5046       1       net.md_5.specialsource.transformer.MappingTransformer::transformMethodName (2 bytes)
Event: 7.945 Thread 0x000000001d3a1800 nmethod 5046 0x0000000003b27350 code [0x0000000003b274a0, 0x0000000003b275b0]

GC Heap History (10 events):
Event: 4.936 GC heap before
{Heap before GC invocations=10 (full 2):
 PSYoungGen      total 187904K, used 13620K [0x0000000775b80000, 0x0000000782580000, 0x00000007c0000000)
  eden space 169984K, 0% used [0x0000000775b80000,0x0000000775b80000,0x0000000780180000)
  from space 17920K, 76% used [0x0000000781400000,0x000000078214d030,0x0000000782580000)
  to   space 18432K, 0% used [0x0000000780180000,0x0000000780180000,0x0000000781380000)
 ParOldGen       total 98816K, used 14753K [0x00000006e1200000, 0x00000006e7280000, 0x0000000775b80000)
  object space 98816K, 14% used [0x00000006e1200000,0x00000006e2068678,0x00000006e7280000)
 Metaspace       used 34578K, capacity 35354K, committed 35456K, reserved 1079296K
  class space    used 4863K, capacity 5213K, committed 5248K, reserved 1048576K
Event: 4.987 GC heap after
Heap after GC invocations=10 (full 2):
 PSYoungGen      total 187904K, used 0K [0x0000000775b80000, 0x0000000782580000, 0x00000007c0000000)
  eden space 169984K, 0% used [0x0000000775b80000,0x0000000775b80000,0x0000000780180000)
  from space 17920K, 0% used [0x0000000781400000,0x0000000781400000,0x0000000782580000)
  to   space 18432K, 0% used [0x0000000780180000,0x0000000780180000,0x0000000781380000)
 ParOldGen       total 166400K, used 23773K [0x00000006e1200000, 0x00000006eb480000, 0x0000000775b80000)
  object space 166400K, 14% used [0x00000006e1200000,0x00000006e29377b8,0x00000006eb480000)
 Metaspace       used 34578K, capacity 35354K, committed 35456K, reserved 1079296K
  class space    used 4863K, capacity 5213K, committed 5248K, reserved 1048576K
}
Event: 5.481 GC heap before
{Heap before GC invocations=11 (full 2):
 PSYoungGen      total 187904K, used 169984K [0x0000000775b80000, 0x0000000782580000, 0x00000007c0000000)
  eden space 169984K, 100% used [0x0000000775b80000,0x0000000780180000,0x0000000780180000)
  from space 17920K, 0% used [0x0000000781400000,0x0000000781400000,0x0000000782580000)
  to   space 18432K, 0% used [0x0000000780180000,0x0000000780180000,0x0000000781380000)
 ParOldGen       total 166400K, used 23773K [0x00000006e1200000, 0x00000006eb480000, 0x0000000775b80000)
  object space 166400K, 14% used [0x00000006e1200000,0x00000006e29377b8,0x00000006eb480000)
 Metaspace       used 34591K, capacity 35418K, committed 35712K, reserved 1079296K
  class space    used 4865K, capacity 5213K, committed 5248K, reserved 1048576K
Event: 5.482 GC heap after
Heap after GC invocations=11 (full 2):
 PSYoungGen      total 188416K, used 352K [0x0000000775b80000, 0x0000000784f00000, 0x00000007c0000000)
  eden space 169984K, 0% used [0x0000000775b80000,0x0000000775b80000,0x0000000780180000)
  from space 18432K, 1% used [0x0000000780180000,0x00000007801d8000,0x0000000781380000)
  to   space 19968K, 0% used [0x0000000783b80000,0x0000000783b80000,0x0000000784f00000)
 ParOldGen       total 166400K, used 23781K [0x00000006e1200000, 0x00000006eb480000, 0x0000000775b80000)
  object space 166400K, 14% used [0x00000006e1200000,0x00000006e29397b8,0x00000006eb480000)
 Metaspace       used 34591K, capacity 35418K, committed 35712K, reserved 1079296K
  class space    used 4865K, capacity 5213K, committed 5248K, reserved 1048576K
}
Event: 5.961 GC heap before
{Heap before GC invocations=12 (full 2):
 PSYoungGen      total 188416K, used 170336K [0x0000000775b80000, 0x0000000784f00000, 0x00000007c0000000)
  eden space 169984K, 100% used [0x0000000775b80000,0x0000000780180000,0x0000000780180000)
  from space 18432K, 1% used [0x0000000780180000,0x00000007801d8000,0x0000000781380000)
  to   space 19968K, 0% used [0x0000000783b80000,0x0000000783b80000,0x0000000784f00000)
 ParOldGen       total 166400K, used 23781K [0x00000006e1200000, 0x00000006eb480000, 0x0000000775b80000)
  object space 166400K, 14% used [0x00000006e1200000,0x00000006e29397b8,0x00000006eb480000)
 Metaspace       used 34595K, capacity 35424K, committed 35712K, reserved 1079296K
  class space    used 4866K, capacity 5214K, committed 5248K, reserved 1048576K
Event: 5.963 GC heap after
Heap after GC invocations=12 (full 2):
 PSYoungGen      total 222208K, used 398K [0x0000000775b80000, 0x0000000784c00000, 0x00000007c0000000)
  eden space 205312K, 0% used [0x0000000775b80000,0x0000000775b80000,0x0000000782400000)
  from space 16896K, 2% used [0x0000000783b80000,0x0000000783be38e0,0x0000000784c00000)
  to   space 20480K, 0% used [0x0000000782400000,0x0000000782400000,0x0000000783800000)
 ParOldGen       total 166400K, used 23781K [0x00000006e1200000, 0x00000006eb480000, 0x0000000775b80000)
  object space 166400K, 14% used [0x00000006e1200000,0x00000006e29397b8,0x00000006eb480000)
 Metaspace       used 34595K, capacity 35424K, committed 35712K, reserved 1079296K
  class space    used 4866K, capacity 5214K, committed 5248K, reserved 1048576K
}
Event: 6.455 GC heap before
{Heap before GC invocations=13 (full 2):
 PSYoungGen      total 222208K, used 205710K [0x0000000775b80000, 0x0000000784c00000, 0x00000007c0000000)
  eden space 205312K, 100% used [0x0000000775b80000,0x0000000782400000,0x0000000782400000)
  from space 16896K, 2% used [0x0000000783b80000,0x0000000783be38e0,0x0000000784c00000)
  to   space 20480K, 0% used [0x0000000782400000,0x0000000782400000,0x0000000783800000)
 ParOldGen       total 166400K, used 23781K [0x00000006e1200000, 0x00000006eb480000, 0x0000000775b80000)
  object space 166400K, 14% used [0x00000006e1200000,0x00000006e29397b8,0x00000006eb480000)
 Metaspace       used 34644K, capacity 35436K, committed 35712K, reserved 1079296K
  class space    used 4871K, capacity 5216K, committed 5248K, reserved 1048576K
Event: 6.457 GC heap after
Heap after GC invocations=13 (full 2):
 PSYoungGen      total 225792K, used 2496K [0x0000000775b80000, 0x0000000787180000, 0x00000007c0000000)
  eden space 205312K, 0% used [0x0000000775b80000,0x0000000775b80000,0x0000000782400000)
  from space 20480K, 12% used [0x0000000782400000,0x0000000782670020,0x0000000783800000)
  to   space 20480K, 0% used [0x0000000785d80000,0x0000000785d80000,0x0000000787180000)
 ParOldGen       total 166400K, used 23789K [0x00000006e1200000, 0x00000006eb480000, 0x0000000775b80000)
  object space 166400K, 14% used [0x00000006e1200000,0x00000006e293b7b8,0x00000006eb480000)
 Metaspace       used 34644K, capacity 35436K, committed 35712K, reserved 1079296K
  class space    used 4871K, capacity 5216K, committed 5248K, reserved 1048576K
}
Event: 6.855 GC heap before
{Heap before GC invocations=14 (full 2):
 PSYoungGen      total 225792K, used 207808K [0x0000000775b80000, 0x0000000787180000, 0x00000007c0000000)
  eden space 205312K, 100% used [0x0000000775b80000,0x0000000782400000,0x0000000782400000)
  from space 20480K, 12% used [0x0000000782400000,0x0000000782670020,0x0000000783800000)
  to   space 20480K, 0% used [0x0000000785d80000,0x0000000785d80000,0x0000000787180000)
 ParOldGen       total 166400K, used 23789K [0x00000006e1200000, 0x00000006eb480000, 0x0000000775b80000)
  object space 166400K, 14% used [0x00000006e1200000,0x00000006e293b7b8,0x00000006eb480000)
 Metaspace       used 34669K, capacity 35524K, committed 35712K, reserved 1079296K
  class space    used 4874K, capacity 5220K, committed 5248K, reserved 1048576K
Event: 6.857 GC heap after
Heap after GC invocations=14 (full 2):
 PSYoungGen      total 259072K, used 384K [0x0000000775b80000, 0x0000000786f00000, 0x00000007c0000000)
  eden space 241152K, 0% used [0x0000000775b80000,0x0000000775b80000,0x0000000784700000)
  from space 17920K, 2% used [0x0000000785d80000,0x0000000785de0000,0x0000000786f00000)
  to   space 20480K, 0% used [0x0000000784700000,0x0000000784700000,0x0000000785b00000)
 ParOldGen       total 166400K, used 23797K [0x00000006e1200000, 0x00000006eb480000, 0x0000000775b80000)
  object space 166400K, 14% used [0x00000006e1200000,0x00000006e293d7b8,0x00000006eb480000)
 Metaspace       used 34669K, capacity 35524K, committed 35712K, reserved 1079296K
  class space    used 4874K, capacity 5220K, committed 5248K, reserved 1048576K
}

Deoptimization events (10 events):
Event: 7.701 Thread 0x00000000024cd800 Uncommon trap: reason=predicate action=maybe_recompile pc=0x0000000002af0d80 method=java.util.ComparableTimSort.reverseRange([Ljava/lang/Object;II)V @ 8
Event: 7.725 Thread 0x00000000024cd800 Uncommon trap: reason=unstable_if action=reinterpret pc=0x0000000003a4657c method=java.lang.CharacterDataLatin1.isJavaIdentifierPart(I)Z @ 11
Event: 7.730 Thread 0x00000000024cd800 Uncommon trap: reason=unstable_if action=reinterpret pc=0x0000000003a59940 method=com.sun.tools.javac.util.Name$Table.equals([BI[BII)Z @ 22
Event: 7.769 Thread 0x00000000024cd800 Uncommon trap: reason=bimorphic action=maybe_recompile pc=0x000000000355d254 method=java.util.HashMap.putVal(ILjava/lang/Object;Ljava/lang/Object;ZZ)Ljava/lang/Object; @ 253
Event: 7.771 Thread 0x00000000024cd800 Uncommon trap: reason=bimorphic action=maybe_recompile pc=0x000000000355d254 method=java.util.HashMap.putVal(ILjava/lang/Object;Ljava/lang/Object;ZZ)Ljava/lang/Object; @ 253
Event: 7.771 Thread 0x00000000024cd800 Uncommon trap: reason=bimorphic action=maybe_recompile pc=0x000000000352c0b8 method=java.util.HashMap.putVal(ILjava/lang/Object;Ljava/lang/Object;ZZ)Ljava/lang/Object; @ 253
Event: 7.783 Thread 0x00000000024cd800 Uncommon trap: reason=unstable_if action=reinterpret pc=0x000000000341fc24 method=java.lang.Integer.valueOf(I)Ljava/lang/Integer; @ 3
Event: 7.806 Thread 0x00000000024cd800 Uncommon trap: reason=unstable_if action=reinterpret pc=0x0000000003909844 method=org.gradle.api.internal.file.pattern.FixedStepsPathMatcher.matches([Ljava/lang/String;I)Z @ 70
Event: 7.857 Thread 0x00000000024cd800 Uncommon trap: reason=unstable_if action=reinterpret pc=0x0000000003899928 method=java.lang.StringCoding$StringEncoder.encode([CII)[B @ 20
Event: 7.891 Thread 0x00000000024cd800 Uncommon trap: reason=predicate action=maybe_recompile pc=0x00000000039a14a4 method=com.google.common.io.ByteStreams.copy(Ljava/io/InputStream;Ljava/io/OutputStream;)J @ 34

Classes redefined (0 events):
No events

Internal exceptions (10 events):
Event: 4.350 Thread 0x00000000024cd800 Implicit null exception at 0x00000000034d39b8 to 0x00000000034d5905
Event: 7.199 Thread 0x00000000024cd800 Implicit null exception at 0x0000000002cff762 to 0x0000000002cffcad
Event: 7.597 Thread 0x00000000024cd800 Exception <a 'java/security/PrivilegedActionException'> (0x000000077f07bf78) thrown at [C:\re\workspace\8-2-build-windows-amd64-cygwin\jdk8u212\12974\hotspot\src\share\vm\prims\jvm.cpp, line 1502]
Event: 7.597 Thread 0x00000000024cd800 Exception <a 'java/security/PrivilegedActionException'> (0x000000077f07c740) thrown at [C:\re\workspace\8-2-build-windows-amd64-cygwin\jdk8u212\12974\hotspot\src\share\vm\prims\jvm.cpp, line 1502]
Event: 7.597 Thread 0x00000000024cd800 Exception <a 'java/security/PrivilegedActionException'> (0x000000077f07e140) thrown at [C:\re\workspace\8-2-build-windows-amd64-cygwin\jdk8u212\12974\hotspot\src\share\vm\prims\jvm.cpp, line 1502]
Event: 7.597 Thread 0x00000000024cd800 Exception <a 'java/security/PrivilegedActionException'> (0x000000077f07e908) thrown at [C:\re\workspace\8-2-build-windows-amd64-cygwin\jdk8u212\12974\hotspot\src\share\vm\prims\jvm.cpp, line 1502]
Event: 7.647 Thread 0x00000000024cd800 Exception <a 'java/io/FileNotFoundException'> (0x000000077f73c018) thrown at [C:\re\workspace\8-2-build-windows-amd64-cygwin\jdk8u212\12974\hotspot\src\share\vm\prims\jni.cpp, line 710]
Event: 7.649 Thread 0x00000000024cd800 Exception <a 'java/io/FileNotFoundException'> (0x000000077f770540) thrown at [C:\re\workspace\8-2-build-windows-amd64-cygwin\jdk8u212\12974\hotspot\src\share\vm\prims\jni.cpp, line 710]
Event: 7.703 Thread 0x00000000024cd800 Exception <a 'java/io/FileNotFoundException'> (0x00000007804001c8) thrown at [C:\re\workspace\8-2-build-windows-amd64-cygwin\jdk8u212\12974\hotspot\src\share\vm\prims\jni.cpp, line 710]
Event: 7.703 Thread 0x00000000024cd800 Exception <a 'java/io/FileNotFoundException'> (0x0000000780401228) thrown at [C:\re\workspace\8-2-build-windows-amd64-cygwin\jdk8u212\12974\hotspot\src\share\vm\prims\jni.cpp, line 710]

Events (10 events):
Event: 7.939 loading class org/objectweb/asm/signature/SignatureVisitor
Event: 7.939 loading class org/objectweb/asm/signature/SignatureVisitor done
Event: 7.939 loading class org/objectweb/asm/signature/SignatureWriter
Event: 7.939 loading class org/objectweb/asm/signature/SignatureWriter done
Event: 7.940 loading class org/objectweb/asm/commons/RemappingSignatureAdapter
Event: 7.940 loading class org/objectweb/asm/commons/RemappingSignatureAdapter done
Event: 7.940 loading class net/md_5/specialsource/RemappingClassAdapter
Event: 7.940 loading class net/md_5/specialsource/RemappingClassAdapter done
Event: 7.940 loading class net/md_5/specialsource/repo/ClassRepo
Event: 7.940 loading class net/md_5/specialsource/repo/ClassRepo done


Dynamic libraries:
0x00007ff64f560000 - 0x00007ff64f597000 	C:\Program Files (x86)\Common Files\Oracle\Java\javapath\java.exe
0x00007ffed2880000 - 0x00007ffed2a70000 	C:\Windows\SYSTEM32\ntdll.dll
0x00007ffed1e60000 - 0x00007ffed1f12000 	C:\Windows\System32\KERNEL32.DLL
0x00007ffed03a0000 - 0x00007ffed0643000 	C:\Windows\System32\KERNELBASE.dll
0x00007ffed1a60000 - 0x00007ffed1b03000 	C:\Windows\System32\ADVAPI32.dll
0x00007ffed0970000 - 0x00007ffed0a0e000 	C:\Windows\System32\msvcrt.dll
0x00007ffed2780000 - 0x00007ffed2817000 	C:\Windows\System32\sechost.dll
0x00007ffed1930000 - 0x00007ffed1a50000 	C:\Windows\System32\RPCRT4.dll
0x00007ffed21f0000 - 0x00007ffed2384000 	C:\Windows\System32\USER32.dll
0x00007ffed0290000 - 0x00007ffed02b1000 	C:\Windows\System32\win32u.dll
0x00007ffed0f30000 - 0x00007ffed0f56000 	C:\Windows\System32\GDI32.dll
0x00007ffecf850000 - 0x00007ffecf9e4000 	C:\Windows\System32\gdi32full.dll
0x00007ffed0680000 - 0x00007ffed071e000 	C:\Windows\System32\msvcp_win.dll
0x00007ffed0170000 - 0x00007ffed026a000 	C:\Windows\System32\ucrtbase.dll
0x00007ffebcd00000 - 0x00007ffebcf85000 	C:\Windows\WinSxS\amd64_microsoft.windows.common-controls_6595b64144ccf1df_6.0.18362.535_none_e6c3b34713100821\COMCTL32.dll
0x00007ffed1b20000 - 0x00007ffed1e56000 	C:\Windows\System32\combase.dll
0x00007ffed0320000 - 0x00007ffed03a0000 	C:\Windows\System32\bcryptPrimitives.dll
0x00007ffed2140000 - 0x00007ffed216e000 	C:\Windows\System32\IMM32.DLL
0x00000000552e0000 - 0x00000000553b2000 	C:\Program Files\Java\jre1.8.0_212\bin\msvcr100.dll
0x0000000054a30000 - 0x00000000552d5000 	C:\Program Files\Java\jre1.8.0_212\bin\server\jvm.dll
0x00007ffed0f60000 - 0x00007ffed0f68000 	C:\Windows\System32\PSAPI.DLL
0x00007ffecd810000 - 0x00007ffecd834000 	C:\Windows\SYSTEM32\WINMM.dll
0x00007ffec6f40000 - 0x00007ffec6f49000 	C:\Windows\SYSTEM32\WSOCK32.dll
0x00007ffecb4c0000 - 0x00007ffecb4ca000 	C:\Windows\SYSTEM32\VERSION.dll
0x00007ffed20d0000 - 0x00007ffed213f000 	C:\Windows\System32\WS2_32.dll
0x00007ffecd7e0000 - 0x00007ffecd80d000 	C:\Windows\SYSTEM32\winmmbase.dll
0x00007ffed07d0000 - 0x00007ffed081a000 	C:\Windows\System32\cfgmgr32.dll
0x00007ffeb5590000 - 0x00007ffeb559f000 	C:\Program Files\Java\jre1.8.0_212\bin\verify.dll
0x00007ffeb3ca0000 - 0x00007ffeb3cc9000 	C:\Program Files\Java\jre1.8.0_212\bin\java.dll
0x00007ffeb3c20000 - 0x00007ffeb3c36000 	C:\Program Files\Java\jre1.8.0_212\bin\zip.dll
0x00007ffed1240000 - 0x00007ffed1925000 	C:\Windows\System32\SHELL32.dll
0x00007ffed24d0000 - 0x00007ffed2579000 	C:\Windows\System32\shcore.dll
0x00007ffecf9f0000 - 0x00007ffed016f000 	C:\Windows\System32\windows.storage.dll
0x00007ffecf7f0000 - 0x00007ffecf80f000 	C:\Windows\System32\profapi.dll
0x00007ffecf7a0000 - 0x00007ffecf7ea000 	C:\Windows\System32\powrprof.dll
0x00007ffecf790000 - 0x00007ffecf7a0000 	C:\Windows\System32\UMPDC.dll
0x00007ffed2580000 - 0x00007ffed25d2000 	C:\Windows\System32\shlwapi.dll
0x00007ffecf810000 - 0x00007ffecf821000 	C:\Windows\System32\kernel.appcore.dll
0x00007ffed0270000 - 0x00007ffed0287000 	C:\Windows\System32\cryptsp.dll
0x00007ffeb2410000 - 0x00007ffeb242a000 	C:\Program Files\Java\jre1.8.0_212\bin\net.dll
0x00007ffec4a90000 - 0x00007ffec4c66000 	C:\Windows\SYSTEM32\urlmon.dll
0x00007ffec6c30000 - 0x00007ffec6ed6000 	C:\Windows\SYSTEM32\iertutil.dll
0x00007ffecf170000 - 0x00007ffecf17c000 	C:\Windows\SYSTEM32\CRYPTBASE.DLL
0x00007ffecefa0000 - 0x00007ffecf007000 	C:\Windows\system32\mswsock.dll
0x00007ffeb1780000 - 0x00007ffeb1792000 	C:\Program Files\Java\jre1.8.0_212\bin\nio.dll
0x00007ffeb7070000 - 0x00007ffeb7082000 	C:\Users\Gamania\.gradle\native\19\windows-amd64\native-platform.dll
0x0000000180000000 - 0x0000000180037000 	C:\Users\Gamania\.gradle\native\jna\win32-amd64\jnidispatch.dll
0x00007ffeceb10000 - 0x00007ffeceb43000 	C:\Windows\system32\rsaenh.dll
0x00007ffed0650000 - 0x00007ffed0676000 	C:\Windows\System32\bcrypt.dll
0x00007ffecf680000 - 0x00007ffecf6a5000 	C:\Windows\SYSTEM32\USERENV.dll
0x00007ffececb0000 - 0x00007ffececea000 	C:\Windows\SYSTEM32\IPHLPAPI.DLL
0x00007ffed1a50000 - 0x00007ffed1a58000 	C:\Windows\System32\NSI.dll
0x00007ffeca1f0000 - 0x00007ffeca206000 	C:\Windows\SYSTEM32\dhcpcsvc6.DLL
0x00007ffeca1d0000 - 0x00007ffeca1ec000 	C:\Windows\SYSTEM32\dhcpcsvc.DLL
0x00007ffececf0000 - 0x00007ffecedba000 	C:\Windows\SYSTEM32\DNSAPI.dll
0x00007ffeb5170000 - 0x00007ffeb517d000 	C:\Program Files\Java\jre1.8.0_212\bin\management.dll
0x00007ffec87a0000 - 0x00007ffec87aa000 	C:\Windows\System32\rasadhlp.dll
0x00007ffec9a40000 - 0x00007ffec9ab7000 	C:\Windows\System32\fwpuclnt.dll

VM Arguments:
jvm_args: -Dorg.gradle.appname=gradle 
java_command: org.gradle.launcher.GradleMain build
java_class_path (initial): C:\gradle-2.6\bin\..\lib\gradle-launcher-2.6.jar
Launcher Type: SUN_STANDARD

Environment Variables:
CLASSPATH=C:\gradle-2.6\bin\..\lib\gradle-launcher-2.6.jar
PATH=C:\Program Files (x86)\Common Files\Oracle\Java\javapath;C:\ProgramData\Oracle\Java\javapath;C:\Program Files (x86)\Common Files\Intel\Shared Libraries\redist\intel64_win\compiler;C:\Windows\system32;C:\Windows;C:\Windows\System32\Wbem;C:\Windows\System32\WindowsPowerShell\v1.0\;C:\Program Files (x86)\NVIDIA Corporation\PhysX\Common;C:\Program Files\NVIDIA Corporation\NVIDIA NvDLISR;C:\Program Files\dotnet\;C:\Program Files\nodejs\;C:\Program Files\Git\cmd;C:\gradle-2.6\bin;C:\Users\Gamania\AppData\Local\Microsoft\WindowsApps;C:\Users\Gamania\AppData\Roaming\npm;C:\Users\Gamania\AppData\Local\Programs\Microsoft VS Code\bin
USERNAME=Gamania
OS=Windows_NT
PROCESSOR_IDENTIFIER=Intel64 Family 6 Model 62 Stepping 4, GenuineIntel



---------------  S Y S T E M  ---------------

OS: Windows 10.0 , 64 bit Build 18362 (10.0.18362.329)

CPU:total 20 (initial active 20) (10 cores per cpu, 2 threads per core) family 6 model 62 stepping 4, cmov, cx8, fxsr, mmx, sse, sse2, sse3, ssse3, sse4.1, sse4.2, popcnt, avx, aes, clmul, erms, ht, tsc, tscinvbit

Memory: 4k page, physical 14605052k(5179016k free), swap 14605052k(4028k free)

vm_info: Java HotSpot(TM) 64-Bit Server VM (25.212-b10) for windows-amd64 JRE (1.8.0_212-b10), built on Apr  1 2019 22:50:23 by "java_re" with MS VC++ 10.0 (VS2010)

time: Sat Jan 25 17:13:21 2020
timezone: RTZ 2 (зима)
elapsed time: 8 seconds (0d 0h 0m 8s)

